#
# A fatal error has been detected by the Java Runtime Environment:
#
#  SIGSEGV (0xb) at pc=0x00007ff05b5cab9a, pid=6312, tid=140670792087296
#
# JRE version: OpenJDK Runtime Environment (7.0_95) (build 1.7.0_95-b00)
# Java VM: OpenJDK 64-Bit Server VM (24.95-b01 mixed mode linux-amd64 compressed oops)
# Derivative: IcedTea 2.6.4
# Distribution: Ubuntu 14.04 LTS, package 7u95-2.6.4-0ubuntu0.14.04.2
# Problematic frame:
# C  [libNLPIR.so+0x55b9a]  NLPIR_ParagraphProcess+0x70
#
# Failed to write core dump. Core dumps have been disabled. To enable core dumping, try "ulimit -c unlimited" before starting Java again
#
# If you would like to submit a bug report, please include
# instructions on how to reproduce the bug and visit:
#   http://icedtea.classpath.org/bugzilla
# The crash happened outside the Java Virtual Machine in native code.
# See problematic frame for where to report the bug.
#

---------------  T H R E A D  ---------------

Current thread (0x00007ff07000a000):  JavaThread "main" [_thread_in_native, id=6314, stack(0x00007ff07887b000,0x00007ff07897c000)]

siginfo:si_signo=SIGSEGV: si_errno=0, si_code=1 (SEGV_MAPERR), si_addr=0x0000000000000000

Registers:
RAX=0x0000000000000000, RBX=0x00007ff07897a3f0, RCX=0xffffffffffffffff, RDX=0x00007ff000000001
RSP=0x00007ff07897a210, RBP=0x00007ff07897a250, RSI=0x0000000000000003, RDI=0x0000000000000000
R8 =0x00007ff07897a210, R9 =0x00007ff077036875, R10=0x00007ff07897a1b0, R11=0x00007ff05b5cab2a
R12=0x0000000000000001, R13=0xfffffffffffffffc, R14=0x0000000000000002, R15=0x00007ff07897a4e0
RIP=0x00007ff05b5cab9a, EFLAGS=0x0000000000010246, CSGSFS=0x0000000000000033, ERR=0x0000000000000004
  TRAPNO=0x000000000000000e

Top of Stack: (sp=0x00007ff07897a210)
0x00007ff07897a210:   00000000206d4752 0000000000000000
0x00007ff07897a220:   0000000303265ca3 00007ff07017ade0
0x00007ff07897a230:   00007ff05b8091d8 00007ff0701301a0
0x00007ff07897a240:   0000000000000000 00007ff077347c5e
0x00007ff07897a250:   00007ff07897a260 00007ff05b8192b0
0x00007ff07897a260:   000000000000000e 00007ff07897a560
0x00007ff07897a270:   00007ff07897a350 00007ff05b818dff
0x00007ff07897a280:   0000000000000000 0000000000000002
0x00007ff07897a290:   00007ff07897a2c0 00007ff07897a300
0x00007ff07897a2a0:   00007ff07897a31c 00007ff07897a318
0x00007ff07897a2b0:   00007ff07897a1b0 00007ff07897a360
0x00007ff07897a2c0:   00007ff07897a560 00007ff05b5cab2a
0x00007ff07897a2d0:   00007ff07897a260 00007ff07897a380
0x00007ff07897a2e0:   000000027897a300 0000000200000000
0x00007ff07897a2f0:   0000000100000002 00007ff07897a304
0x00007ff07897a300:   00007ff000000002 00007ff078792515
0x00007ff07897a310:   0000000000000001 0000000100000000
0x00007ff07897a320:   00007ff07897a350 0000000000000000
0x00007ff07897a330:   00007ff07897a3f0 00007ff07897a370
0x00007ff07897a340:   00007ff07897a390 0000000000000002
0x00007ff07897a350:   00007ff07897a550 00007ff05b80f5f0
0x00007ff07897a360:   00007ff07897a3e0 00007ff07897a3e8
0x00007ff07897a370:   0000000400000000 00007ff000000008
0x00007ff07897a380:   00007ff05b81b4f0 00007ff05b81b550
0x00007ff07897a390:   0000000000000000 0000000000000000
0x00007ff07897a3a0:   0000000000000000 0000000000000000
0x00007ff07897a3b0:   0000000000000000 0000000000000000
0x00007ff07897a3c0:   0000000000000000 00007ff07000a000
0x00007ff07897a3d0:   00007ff07897a3f0 00007ff0773593ce
0x00007ff07897a3e0:   00007ff07017ade0 0000000000000003
0x00007ff07897a3f0:   00007ff07897a550 00007ff05b80f429
0x00007ff07897a400:   0000000000000000 00007ff07897a4e0 

Instructions: (pc=0x00007ff05b5cab9a)
0x00007ff05b5cab7a:   00 00 e8 3f 72 fd ff 48 8b 45 f0 48 c7 c1 ff ff
0x00007ff05b5cab8a:   ff ff 48 89 45 c8 b8 00 00 00 00 fc 48 8b 7d c8
0x00007ff05b5cab9a:   f2 ae 48 89 c8 48 f7 d0 48 83 e8 01 48 8d 78 01
0x00007ff05b5cabaa:   e8 51 5a fd ff 48 89 45 e8 48 8b 7d e8 48 8b 75 

Register to memory mapping:

RAX=0x0000000000000000 is an unknown value
RBX=0x00007ff07897a3f0 is pointing into the stack for thread: 0x00007ff07000a000
RCX=0xffffffffffffffff is an unknown value
RDX=0x00007ff000000001 is an unknown value
RSP=0x00007ff07897a210 is pointing into the stack for thread: 0x00007ff07000a000
RBP=0x00007ff07897a250 is pointing into the stack for thread: 0x00007ff07000a000
RSI=0x0000000000000003 is an unknown value
RDI=0x0000000000000000 is an unknown value
R8 =0x00007ff07897a210 is pointing into the stack for thread: 0x00007ff07000a000
R9 =0x00007ff077036875: <offset 0x2d7875> in /usr/lib/jvm/java-7-openjdk-amd64/jre/lib/amd64/server/libjvm.so at 0x00007ff076d5f000
R10=0x00007ff07897a1b0 is pointing into the stack for thread: 0x00007ff07000a000
R11=0x00007ff05b5cab2a: NLPIR_ParagraphProcess+0 in /home/youyou/repository/GraduationProject/PublicOpinionMonitor/lib/topic/participle/ictclas/linux64/libNLPIR.so at 0x00007ff05b575000
R12=0x0000000000000001 is an unknown value
R13=0xfffffffffffffffc is an unknown value
R14=0x0000000000000002 is an unknown value
R15=0x00007ff07897a4e0 is pointing into the stack for thread: 0x00007ff07000a000


Stack: [0x00007ff07887b000,0x00007ff07897c000],  sp=0x00007ff07897a210,  free space=1020k
Native frames: (J=compiled Java code, j=interpreted, Vv=VM code, C=native code)
C  [libNLPIR.so+0x55b9a]  NLPIR_ParagraphProcess+0x70
C  [jna6146158932424023282.tmp+0x112b0]  ffi_call_unix64+0x4c

Java frames: (J=compiled Java code, j=interpreted, Vv=VM code)
j  com.sun.jna.Native.invokePointer(JI[Ljava/lang/Object;)J+0
j  com.sun.jna.Function.invokePointer(I[Ljava/lang/Object;)Lcom/sun/jna/Pointer;+6
j  com.sun.jna.Function.invokeString(I[Ljava/lang/Object;Z)Ljava/lang/String;+3
j  com.sun.jna.Function.invoke([Ljava/lang/Object;Ljava/lang/Class;Z)Ljava/lang/Object;+544
j  com.sun.jna.Function.invoke(Ljava/lang/Class;[Ljava/lang/Object;Ljava/util/Map;)Ljava/lang/Object;+214
j  com.sun.jna.Library$Handler.invoke(Ljava/lang/Object;Ljava/lang/reflect/Method;[Ljava/lang/Object;)Ljava/lang/Object;+341
j  com.sun.proxy.$Proxy0.NLPIR_ParagraphProcess(Ljava/lang/String;I)Ljava/lang/String;+23
j  topic.participle.ICTCLAS.main([Ljava/lang/String;)V+44
v  ~StubRoutines::call_stub

---------------  P R O C E S S  ---------------

Java Threads: ( => current thread )
  0x00007ff0700ab800 JavaThread "Service Thread" daemon [_thread_blocked, id=6326, stack(0x00007ff068123000,0x00007ff068224000)]
  0x00007ff0700a9800 JavaThread "C2 CompilerThread1" daemon [_thread_blocked, id=6325, stack(0x00007ff068224000,0x00007ff068325000)]
  0x00007ff0700a6800 JavaThread "C2 CompilerThread0" daemon [_thread_blocked, id=6324, stack(0x00007ff068325000,0x00007ff068426000)]
  0x00007ff0700a4000 JavaThread "Signal Dispatcher" daemon [_thread_blocked, id=6323, stack(0x00007ff068426000,0x00007ff068527000)]
  0x00007ff070077800 JavaThread "Finalizer" daemon [_thread_blocked, id=6322, stack(0x00007ff068527000,0x00007ff068628000)]
  0x00007ff070075800 JavaThread "Reference Handler" daemon [_thread_blocked, id=6321, stack(0x00007ff068628000,0x00007ff068729000)]
=>0x00007ff07000a000 JavaThread "main" [_thread_in_native, id=6314, stack(0x00007ff07887b000,0x00007ff07897c000)]

Other Threads:
  0x00007ff070071000 VMThread [stack: 0x00007ff068729000,0x00007ff06882a000] [id=6320]
  0x00007ff0700b6000 WatcherThread [stack: 0x00007ff068022000,0x00007ff068123000] [id=6327]

VM state:not at safepoint (normal execution)

VM Mutex/Monitor currently owned by a thread: None

Heap
 PSYoungGen      total 36864K, used 2554K [0x00000007d7000000, 0x00000007d9900000, 0x0000000800000000)
  eden space 31744K, 8% used [0x00000007d7000000,0x00000007d727ebc8,0x00000007d8f00000)
  from space 5120K, 0% used [0x00000007d9400000,0x00000007d9400000,0x00000007d9900000)
  to   space 5120K, 0% used [0x00000007d8f00000,0x00000007d8f00000,0x00000007d9400000)
 ParOldGen       total 83968K, used 0K [0x0000000785000000, 0x000000078a200000, 0x00000007d7000000)
  object space 83968K, 0% used [0x0000000785000000,0x0000000785000000,0x000000078a200000)
 PSPermGen       total 21504K, used 4206K [0x000000077aa00000, 0x000000077bf00000, 0x0000000785000000)
  object space 21504K, 19% used [0x000000077aa00000,0x000000077ae1b948,0x000000077bf00000)

Card table byte_map: [0x00007ff075086000,0x00007ff0754b2000] byte_map_base: 0x00007ff0714b1000

Polling page: 0x00007ff07899b000

Code Cache  [0x00007ff06d000000, 0x00007ff06d270000, 0x00007ff070000000)
 total_blobs=210 nmethods=9 adapters=156 free_code_cache=48747Kb largest_free_block=49895616

Compilation events (10 events):
Event: 0.218 Thread 0x00007ff0700a6800    5             java.lang.String::indexOf (166 bytes)
Event: 0.227 Thread 0x00007ff0700a9800    6 %           java.lang.String::indexOf @ 37 (70 bytes)
Event: 0.238 Thread 0x00007ff0700a9800 nmethod 6% 0x00007ff06d065710 code [0x00007ff06d065860, 0x00007ff06d065a38]
Event: 0.238 Thread 0x00007ff0700a9800    7             java.lang.String::charAt (29 bytes)
Event: 0.242 Thread 0x00007ff0700a6800 nmethod 5 0x00007ff06d064150 code [0x00007ff06d0642a0, 0x00007ff06d064758]
Event: 0.242 Thread 0x00007ff0700a6800    8             java.lang.String::lastIndexOf (52 bytes)
Event: 0.246 Thread 0x00007ff0700a9800 nmethod 7 0x00007ff06d063dd0 code [0x00007ff06d063f20, 0x00007ff06d063ff8]
Event: 0.246 Thread 0x00007ff0700a9800    9             java.lang.String::indexOf (70 bytes)
Event: 0.249 Thread 0x00007ff0700a9800 nmethod 9 0x00007ff06d062510 code [0x00007ff06d062660, 0x00007ff06d0627f8]
Event: 0.249 Thread 0x00007ff0700a6800 nmethod 8 0x00007ff06d06a390 code [0x00007ff06d06a4e0, 0x00007ff06d06a658]

GC Heap History (0 events):
No events

Deoptimization events (2 events):
Event: 0.184 Thread 0x00007ff07000a000 Uncommon trap: reason=unstable_if action=reinterpret pc=0x00007ff06d060b40 method=java.lang.String.indexOf(II)I @ 49
Event: 0.276 Thread 0x00007ff07000a000 Uncommon trap: reason=unstable_if action=reinterpret pc=0x00007ff06d063c04 method=sun.nio.cs.UTF_8$Encoder.encode([CII[B)I @ 33

Internal exceptions (10 events):
Event: 0.266 Thread 0x00007ff07000a000 Threw 0x00000007d71d09b8 at /build/openjdk-7-HVzwJZ/openjdk-7-7u95-2.6.4/build/openjdk/hotspot/src/share/vm/prims/jvm.cpp:1322
Event: 0.268 Thread 0x00007ff07000a000 Threw 0x00000007d71e6008 at /build/openjdk-7-HVzwJZ/openjdk-7-7u95-2.6.4/build/openjdk/hotspot/src/share/vm/prims/jvm.cpp:1322
Event: 0.268 Thread 0x00007ff07000a000 Threw 0x00000007d71ebd70 at /build/openjdk-7-HVzwJZ/openjdk-7-7u95-2.6.4/build/openjdk/hotspot/src/share/vm/prims/jvm.cpp:1322
Event: 0.269 Thread 0x00007ff07000a000 Threw 0x00000007d71ef188 at /build/openjdk-7-HVzwJZ/openjdk-7-7u95-2.6.4/build/openjdk/hotspot/src/share/vm/prims/jvm.cpp:1322
Event: 0.270 Thread 0x00007ff07000a000 Threw 0x00000007d71f2c48 at /build/openjdk-7-HVzwJZ/openjdk-7-7u95-2.6.4/build/openjdk/hotspot/src/share/vm/prims/jvm.cpp:1322
Event: 0.271 Thread 0x00007ff07000a000 Threw 0x00000007d71f69c0 at /build/openjdk-7-HVzwJZ/openjdk-7-7u95-2.6.4/build/openjdk/hotspot/src/share/vm/prims/jvm.cpp:1322
Event: 0.271 Thread 0x00007ff07000a000 Threw 0x00000007d71fa5b8 at /build/openjdk-7-HVzwJZ/openjdk-7-7u95-2.6.4/build/openjdk/hotspot/src/share/vm/prims/jvm.cpp:1322
Event: 0.274 Thread 0x00007ff07000a000 Threw 0x00000007d71ffe30 at /build/openjdk-7-HVzwJZ/openjdk-7-7u95-2.6.4/build/openjdk/hotspot/src/share/vm/prims/jvm.cpp:1322
Event: 0.275 Thread 0x00007ff07000a000 Threw 0x00000007d7203718 at /build/openjdk-7-HVzwJZ/openjdk-7-7u95-2.6.4/build/openjdk/hotspot/src/share/vm/prims/jvm.cpp:1322
Event: 0.276 Thread 0x00007ff07000a000 Threw 0x00000007d7208098 at /build/openjdk-7-HVzwJZ/openjdk-7-7u95-2.6.4/build/openjdk/hotspot/src/share/vm/prims/jvm.cpp:1322

Events (10 events):
Event: 0.273 loading class 0x00007ff0746f8230 done
Event: 0.274 loading class 0x00007ff07017a700
Event: 0.274 loading class 0x00007ff07017a700 done
Event: 0.275 loading class 0x00007ff07013fba0
Event: 0.275 loading class 0x00007ff07013fba0 done
Event: 0.276 Thread 0x00007ff07000a000 Uncommon trap: trap_request=0xffffff75 fr.pc=0x00007ff06d063c04
Event: 0.276 Thread 0x00007ff07000a000 DEOPT PACKING pc=0x00007ff06d063c04 sp=0x00007ff07897a340
Event: 0.276 Thread 0x00007ff07000a000 DEOPT UNPACKING pc=0x00007ff06d039045 sp=0x00007ff07897a2f8 mode 2
Event: 0.276 loading class 0x00007ff07017b3e0
Event: 0.276 loading class 0x00007ff07017b3e0 done


Dynamic libraries:
00400000-00401000 r-xp 00000000 08:06 1179891                            /usr/lib/jvm/java-7-openjdk-amd64/jre/bin/java
00600000-00601000 r--p 00000000 08:06 1179891                            /usr/lib/jvm/java-7-openjdk-amd64/jre/bin/java
00601000-00602000 rw-p 00001000 08:06 1179891                            /usr/lib/jvm/java-7-openjdk-amd64/jre/bin/java
01669000-0168a000 rw-p 00000000 00:00 0                                  [heap]
77aa00000-77bf00000 rw-p 00000000 00:00 0 
77bf00000-785000000 rw-p 00000000 00:00 0 
785000000-78a200000 rw-p 00000000 00:00 0 
78a200000-7d7000000 rw-p 00000000 00:00 0 
7d7000000-7d9900000 rw-p 00000000 00:00 0 
7d9900000-800000000 rw-p 00000000 00:00 0 
7ff038000000-7ff038021000 rw-p 00000000 00:00 0 
7ff038021000-7ff03c000000 ---p 00000000 00:00 0 
7ff040000000-7ff04006c000 rw-p 00000000 00:00 0 
7ff04006c000-7ff044000000 ---p 00000000 00:00 0 
7ff044000000-7ff044021000 rw-p 00000000 00:00 0 
7ff044021000-7ff048000000 ---p 00000000 00:00 0 
7ff048000000-7ff048021000 rw-p 00000000 00:00 0 
7ff048021000-7ff04c000000 ---p 00000000 00:00 0 
7ff04c000000-7ff04c0ad000 rw-p 00000000 00:00 0 
7ff04c0ad000-7ff050000000 ---p 00000000 00:00 0 
7ff050000000-7ff050021000 rw-p 00000000 00:00 0 
7ff050021000-7ff054000000 ---p 00000000 00:00 0 
7ff054000000-7ff054021000 rw-p 00000000 00:00 0 
7ff054021000-7ff058000000 ---p 00000000 00:00 0 
7ff05b575000-7ff05b604000 r-xp 00000000 08:09 917911                     /home/youyou/repository/GraduationProject/PublicOpinionMonitor/lib/topic/participle/ictclas/linux64/libNLPIR.so
7ff05b604000-7ff05b804000 ---p 0008f000 08:09 917911                     /home/youyou/repository/GraduationProject/PublicOpinionMonitor/lib/topic/participle/ictclas/linux64/libNLPIR.so
7ff05b804000-7ff05b808000 rw-p 0008f000 08:09 917911                     /home/youyou/repository/GraduationProject/PublicOpinionMonitor/lib/topic/participle/ictclas/linux64/libNLPIR.so
7ff05b808000-7ff05b81d000 r-xp 00000000 08:06 1073790                    /tmp/jna6146158932424023282.tmp
7ff05b81d000-7ff05b91c000 ---p 00015000 08:06 1073790                    /tmp/jna6146158932424023282.tmp
7ff05b91c000-7ff05b91e000 rw-p 00014000 08:06 1073790                    /tmp/jna6146158932424023282.tmp
7ff05b91e000-7ff05c000000 r--p 00000000 08:06 139157                     /usr/lib/locale/locale-archive
7ff05c000000-7ff05c021000 rw-p 00000000 00:00 0 
7ff05c021000-7ff060000000 ---p 00000000 00:00 0 
7ff060000000-7ff060021000 rw-p 00000000 00:00 0 
7ff060021000-7ff064000000 ---p 00000000 00:00 0 
7ff064000000-7ff064021000 rw-p 00000000 00:00 0 
7ff064021000-7ff068000000 ---p 00000000 00:00 0 
7ff068022000-7ff068023000 ---p 00000000 00:00 0 
7ff068023000-7ff068123000 rw-p 00000000 00:00 0                          [stack:6327]
7ff068123000-7ff068126000 ---p 00000000 00:00 0 
7ff068126000-7ff068224000 rw-p 00000000 00:00 0                          [stack:6326]
7ff068224000-7ff068227000 ---p 00000000 00:00 0 
7ff068227000-7ff068325000 rw-p 00000000 00:00 0                          [stack:6325]
7ff068325000-7ff068328000 ---p 00000000 00:00 0 
7ff068328000-7ff068426000 rw-p 00000000 00:00 0                          [stack:6324]
7ff068426000-7ff068429000 ---p 00000000 00:00 0 
7ff068429000-7ff068527000 rw-p 00000000 00:00 0                          [stack:6323]
7ff068527000-7ff06852a000 ---p 00000000 00:00 0 
7ff06852a000-7ff068628000 rw-p 00000000 00:00 0                          [stack:6322]
7ff068628000-7ff06862b000 ---p 00000000 00:00 0 
7ff06862b000-7ff068729000 rw-p 00000000 00:00 0                          [stack:6321]
7ff068729000-7ff06872a000 ---p 00000000 00:00 0 
7ff06872a000-7ff06d000000 rw-p 00000000 00:00 0                          [stack:6320]
7ff06d000000-7ff06d270000 rwxp 00000000 00:00 0 
7ff06d270000-7ff0701cc000 rw-p 00000000 00:00 0 
7ff0701cc000-7ff074000000 ---p 00000000 00:00 0 
7ff074013000-7ff0744a2000 rw-p 00000000 00:00 0 
7ff0744a2000-7ff074653000 r--s 01d30000 08:06 1188688                    /usr/lib/jvm/java-7-openjdk-amd64/jre/lib/rt.jar
7ff074653000-7ff074ba1000 rw-p 00000000 00:00 0 
7ff074ba1000-7ff074ba2000 ---p 00000000 00:00 0 
7ff074ba2000-7ff074ca2000 rw-p 00000000 00:00 0                          [stack:6319]
7ff074ca2000-7ff074ca3000 ---p 00000000 00:00 0 
7ff074ca3000-7ff074dae000 rw-p 00000000 00:00 0                          [stack:6318]
7ff074dae000-7ff074df6000 rw-p 00000000 00:00 0 
7ff074df6000-7ff074e1f000 rw-p 00000000 00:00 0 
7ff074e1f000-7ff075086000 rw-p 00000000 00:00 0 
7ff075086000-7ff075091000 rw-p 00000000 00:00 0 
7ff075091000-7ff0750d9000 rw-p 00000000 00:00 0 
7ff0750d9000-7ff075102000 rw-p 00000000 00:00 0 
7ff075102000-7ff075369000 rw-p 00000000 00:00 0 
7ff075369000-7ff07537e000 rw-p 00000000 00:00 0 
7ff07537e000-7ff0754b1000 rw-p 00000000 00:00 0 
7ff0754b1000-7ff0754b2000 rw-p 00000000 00:00 0 
7ff0754b2000-7ff0754ba000 r-xp 00000000 08:06 1180598                    /usr/lib/jvm/java-7-openjdk-amd64/jre/lib/amd64/libzip.so
7ff0754ba000-7ff0756b9000 ---p 00008000 08:06 1180598                    /usr/lib/jvm/java-7-openjdk-amd64/jre/lib/amd64/libzip.so
7ff0756b9000-7ff0756ba000 r--p 00007000 08:06 1180598                    /usr/lib/jvm/java-7-openjdk-amd64/jre/lib/amd64/libzip.so
7ff0756ba000-7ff0756bb000 rw-p 00008000 08:06 1180598                    /usr/lib/jvm/java-7-openjdk-amd64/jre/lib/amd64/libzip.so
7ff0756bb000-7ff0756c6000 r-xp 00000000 08:06 1573184                    /lib/x86_64-linux-gnu/libnss_files-2.19.so
7ff0756c6000-7ff0758c5000 ---p 0000b000 08:06 1573184                    /lib/x86_64-linux-gnu/libnss_files-2.19.so
7ff0758c5000-7ff0758c6000 r--p 0000a000 08:06 1573184                    /lib/x86_64-linux-gnu/libnss_files-2.19.so
7ff0758c6000-7ff0758c7000 rw-p 0000b000 08:06 1573184                    /lib/x86_64-linux-gnu/libnss_files-2.19.so
7ff0758c7000-7ff0758d2000 r-xp 00000000 08:06 1573176                    /lib/x86_64-linux-gnu/libnss_nis-2.19.so
7ff0758d2000-7ff075ad1000 ---p 0000b000 08:06 1573176                    /lib/x86_64-linux-gnu/libnss_nis-2.19.so
7ff075ad1000-7ff075ad2000 r--p 0000a000 08:06 1573176                    /lib/x86_64-linux-gnu/libnss_nis-2.19.so
7ff075ad2000-7ff075ad3000 rw-p 0000b000 08:06 1573176                    /lib/x86_64-linux-gnu/libnss_nis-2.19.so
7ff075ad3000-7ff075aea000 r-xp 00000000 08:06 1573172                    /lib/x86_64-linux-gnu/libnsl-2.19.so
7ff075aea000-7ff075ce9000 ---p 00017000 08:06 1573172                    /lib/x86_64-linux-gnu/libnsl-2.19.so
7ff075ce9000-7ff075cea000 r--p 00016000 08:06 1573172                    /lib/x86_64-linux-gnu/libnsl-2.19.so
7ff075cea000-7ff075ceb000 rw-p 00017000 08:06 1573172                    /lib/x86_64-linux-gnu/libnsl-2.19.so
7ff075ceb000-7ff075ced000 rw-p 00000000 00:00 0 
7ff075ced000-7ff075cf6000 r-xp 00000000 08:06 1573171                    /lib/x86_64-linux-gnu/libnss_compat-2.19.so
7ff075cf6000-7ff075ef5000 ---p 00009000 08:06 1573171                    /lib/x86_64-linux-gnu/libnss_compat-2.19.so
7ff075ef5000-7ff075ef6000 r--p 00008000 08:06 1573171                    /lib/x86_64-linux-gnu/libnss_compat-2.19.so
7ff075ef6000-7ff075ef7000 rw-p 00009000 08:06 1573171                    /lib/x86_64-linux-gnu/libnss_compat-2.19.so
7ff075ef7000-7ff075f22000 r-xp 00000000 08:06 1180247                    /usr/lib/jvm/java-7-openjdk-amd64/jre/lib/amd64/libjava.so
7ff075f22000-7ff076122000 ---p 0002b000 08:06 1180247                    /usr/lib/jvm/java-7-openjdk-amd64/jre/lib/amd64/libjava.so
7ff076122000-7ff076123000 r--p 0002b000 08:06 1180247                    /usr/lib/jvm/java-7-openjdk-amd64/jre/lib/amd64/libjava.so
7ff076123000-7ff076125000 rw-p 0002c000 08:06 1180247                    /usr/lib/jvm/java-7-openjdk-amd64/jre/lib/amd64/libjava.so
7ff076125000-7ff076135000 r-xp 00000000 08:06 1180262                    /usr/lib/jvm/java-7-openjdk-amd64/jre/lib/amd64/libverify.so
7ff076135000-7ff076334000 ---p 00010000 08:06 1180262                    /usr/lib/jvm/java-7-openjdk-amd64/jre/lib/amd64/libverify.so
7ff076334000-7ff076336000 r--p 0000f000 08:06 1180262                    /usr/lib/jvm/java-7-openjdk-amd64/jre/lib/amd64/libverify.so
7ff076336000-7ff076337000 rw-p 00011000 08:06 1180262                    /usr/lib/jvm/java-7-openjdk-amd64/jre/lib/amd64/libverify.so
7ff076337000-7ff07633e000 r-xp 00000000 08:06 1573180                    /lib/x86_64-linux-gnu/librt-2.19.so
7ff07633e000-7ff07653d000 ---p 00007000 08:06 1573180                    /lib/x86_64-linux-gnu/librt-2.19.so
7ff07653d000-7ff07653e000 r--p 00006000 08:06 1573180                    /lib/x86_64-linux-gnu/librt-2.19.so
7ff07653e000-7ff07653f000 rw-p 00007000 08:06 1573180                    /lib/x86_64-linux-gnu/librt-2.19.so
7ff07653f000-7ff076555000 r-xp 00000000 08:06 1582884                    /lib/x86_64-linux-gnu/libgcc_s.so.1
7ff076555000-7ff076754000 ---p 00016000 08:06 1582884                    /lib/x86_64-linux-gnu/libgcc_s.so.1
7ff076754000-7ff076755000 rw-p 00015000 08:06 1582884                    /lib/x86_64-linux-gnu/libgcc_s.so.1
7ff076755000-7ff07685a000 r-xp 00000000 08:06 1573166                    /lib/x86_64-linux-gnu/libm-2.19.so
7ff07685a000-7ff076a59000 ---p 00105000 08:06 1573166                    /lib/x86_64-linux-gnu/libm-2.19.so
7ff076a59000-7ff076a5a000 r--p 00104000 08:06 1573166                    /lib/x86_64-linux-gnu/libm-2.19.so
7ff076a5a000-7ff076a5b000 rw-p 00105000 08:06 1573166                    /lib/x86_64-linux-gnu/libm-2.19.so
7ff076a5b000-7ff076b41000 r-xp 00000000 08:06 133976                     /usr/lib/x86_64-linux-gnu/libstdc++.so.6.0.19
7ff076b41000-7ff076d40000 ---p 000e6000 08:06 133976                     /usr/lib/x86_64-linux-gnu/libstdc++.so.6.0.19
7ff076d40000-7ff076d48000 r--p 000e5000 08:06 133976                     /usr/lib/x86_64-linux-gnu/libstdc++.so.6.0.19
7ff076d48000-7ff076d4a000 rw-p 000ed000 08:06 133976                     /usr/lib/x86_64-linux-gnu/libstdc++.so.6.0.19
7ff076d4a000-7ff076d5f000 rw-p 00000000 00:00 0 
7ff076d5f000-7ff077883000 r-xp 00000000 08:06 1180560                    /usr/lib/jvm/java-7-openjdk-amd64/jre/lib/amd64/server/libjvm.so
7ff077883000-7ff077a83000 ---p 00b24000 08:06 1180560                    /usr/lib/jvm/java-7-openjdk-amd64/jre/lib/amd64/server/libjvm.so
7ff077a83000-7ff077b1d000 r--p 00b24000 08:06 1180560                    /usr/lib/jvm/java-7-openjdk-amd64/jre/lib/amd64/server/libjvm.so
7ff077b1d000-7ff077b40000 rw-p 00bbe000 08:06 1180560                    /usr/lib/jvm/java-7-openjdk-amd64/jre/lib/amd64/server/libjvm.so
7ff077b40000-7ff077b6e000 rw-p 00000000 00:00 0 
7ff077b6e000-7ff077b86000 r-xp 00000000 08:06 1577562                    /lib/x86_64-linux-gnu/libz.so.1.2.8
7ff077b86000-7ff077d85000 ---p 00018000 08:06 1577562                    /lib/x86_64-linux-gnu/libz.so.1.2.8
7ff077d85000-7ff077d86000 r--p 00017000 08:06 1577562                    /lib/x86_64-linux-gnu/libz.so.1.2.8
7ff077d86000-7ff077d87000 rw-p 00018000 08:06 1577562                    /lib/x86_64-linux-gnu/libz.so.1.2.8
7ff077d87000-7ff077da0000 r-xp 00000000 08:06 1573173                    /lib/x86_64-linux-gnu/libpthread-2.19.so
7ff077da0000-7ff077f9f000 ---p 00019000 08:06 1573173                    /lib/x86_64-linux-gnu/libpthread-2.19.so
7ff077f9f000-7ff077fa0000 r--p 00018000 08:06 1573173                    /lib/x86_64-linux-gnu/libpthread-2.19.so
7ff077fa0000-7ff077fa1000 rw-p 00019000 08:06 1573173                    /lib/x86_64-linux-gnu/libpthread-2.19.so
7ff077fa1000-7ff077fa5000 rw-p 00000000 00:00 0 
7ff077fa5000-7ff077fa8000 r-xp 00000000 08:06 1573168                    /lib/x86_64-linux-gnu/libdl-2.19.so
7ff077fa8000-7ff0781a7000 ---p 00003000 08:06 1573168                    /lib/x86_64-linux-gnu/libdl-2.19.so
7ff0781a7000-7ff0781a8000 r--p 00002000 08:06 1573168                    /lib/x86_64-linux-gnu/libdl-2.19.so
7ff0781a8000-7ff0781a9000 rw-p 00003000 08:06 1573168                    /lib/x86_64-linux-gnu/libdl-2.19.so
7ff0781a9000-7ff078364000 r-xp 00000000 08:06 1573181                    /lib/x86_64-linux-gnu/libc-2.19.so
7ff078364000-7ff078563000 ---p 001bb000 08:06 1573181                    /lib/x86_64-linux-gnu/libc-2.19.so
7ff078563000-7ff078567000 r--p 001ba000 08:06 1573181                    /lib/x86_64-linux-gnu/libc-2.19.so
7ff078567000-7ff078569000 rw-p 001be000 08:06 1573181                    /lib/x86_64-linux-gnu/libc-2.19.so
7ff078569000-7ff07856e000 rw-p 00000000 00:00 0 
7ff07856e000-7ff07857b000 r-xp 00000000 08:06 1180926                    /usr/lib/jvm/java-7-openjdk-amd64/jre/lib/amd64/jli/libjli.so
7ff07857b000-7ff07877a000 ---p 0000d000 08:06 1180926                    /usr/lib/jvm/java-7-openjdk-amd64/jre/lib/amd64/jli/libjli.so
7ff07877a000-7ff07877b000 r--p 0000c000 08:06 1180926                    /usr/lib/jvm/java-7-openjdk-amd64/jre/lib/amd64/jli/libjli.so
7ff07877b000-7ff07877c000 rw-p 0000d000 08:06 1180926                    /usr/lib/jvm/java-7-openjdk-amd64/jre/lib/amd64/jli/libjli.so
7ff07877c000-7ff07879f000 r-xp 00000000 08:06 1573174                    /lib/x86_64-linux-gnu/ld-2.19.so
7ff0787a9000-7ff0787aa000 r--p 00000000 00:00 0 
7ff0787aa000-7ff0787ae000 r--s 0004f000 08:06 1188710                    /usr/lib/jvm/java-7-openjdk-amd64/jre/lib/jsse.jar
7ff0787ae000-7ff0787b2000 r--s 000d0000 08:09 917923                     /home/youyou/repository/GraduationProject/PublicOpinionMonitor/lib/topic/participle/jna-3.3.0.jar
7ff0787b2000-7ff0787b7000 r--s 00079000 08:09 787825                     /home/youyou/repository/GraduationProject/PublicOpinionMonitor/lib/collection/mysql-connector-java-5.0.5-bin.jar
7ff0787b7000-7ff0787b8000 r--s 00014000 08:09 787824                     /home/youyou/repository/GraduationProject/PublicOpinionMonitor/lib/collection/java-json.jar
7ff0787b8000-7ff0787bb000 r--s 0000f000 08:06 1188704                    /usr/lib/jvm/java-7-openjdk-amd64/jre/lib/ext/icedtea-sound.jar
7ff0787bb000-7ff0787c5000 rw-p 00000000 00:00 0 
7ff0787c5000-7ff07887b000 rw-p 00000000 00:00 0 
7ff07887b000-7ff07887e000 ---p 00000000 00:00 0 
7ff07887e000-7ff078981000 rw-p 00000000 00:00 0                          [stack:6314]
7ff078981000-7ff078983000 r--s 00006000 08:06 548163                     /usr/share/java/java-atk-wrapper.jar
7ff078983000-7ff078984000 r--s 00002000 08:06 1188699                    /usr/lib/jvm/java-7-openjdk-amd64/jre/lib/ext/dnsns.jar
7ff078984000-7ff078988000 r--s 0003c000 08:06 1188708                    /usr/lib/jvm/java-7-openjdk-amd64/jre/lib/ext/sunpkcs11.jar
7ff078988000-7ff07898c000 r--s 00034000 08:06 1188703                    /usr/lib/jvm/java-7-openjdk-amd64/jre/lib/ext/sunjce_provider.jar
7ff07898c000-7ff07898e000 r--s 00012000 08:06 1188701                    /usr/lib/jvm/java-7-openjdk-amd64/jre/lib/ext/zipfs.jar
7ff07898e000-7ff078992000 r--s 00085000 08:06 1188706                    /usr/lib/jvm/java-7-openjdk-amd64/jre/lib/ext/localedata.jar
7ff078992000-7ff07899a000 rw-s 00000000 08:06 1069281                    /tmp/hsperfdata_youyou/6312
7ff07899a000-7ff07899b000 rw-p 00000000 00:00 0 
7ff07899b000-7ff07899c000 r--p 00000000 00:00 0 
7ff07899c000-7ff07899e000 rw-p 00000000 00:00 0 
7ff07899e000-7ff07899f000 r--p 00022000 08:06 1573174                    /lib/x86_64-linux-gnu/ld-2.19.so
7ff07899f000-7ff0789a0000 rw-p 00023000 08:06 1573174                    /lib/x86_64-linux-gnu/ld-2.19.so
7ff0789a0000-7ff0789a1000 rw-p 00000000 00:00 0 
7fff53a99000-7fff53aba000 rw-p 00000000 00:00 0                          [stack]
7fff53bd5000-7fff53bd7000 r--p 00000000 00:00 0                          [vvar]
7fff53bd7000-7fff53bd9000 r-xp 00000000 00:00 0                          [vdso]
ffffffffff600000-ffffffffff601000 r-xp 00000000 00:00 0                  [vsyscall]

VM Arguments:
jvm_args: -Dfile.encoding=UTF-8 
java_command: topic.participle.ICTCLAS
Launcher Type: SUN_STANDARD

Environment Variables:
PATH=/home/youyou/bin:/usr/local/sbin:/usr/local/bin:/usr/sbin:/usr/bin:/sbin:/bin:/usr/games:/usr/local/games
SHELL=/bin/bash
DISPLAY=:0

Signal Handlers:
SIGSEGV: [libjvm.so+0x9548f0], sa_mask[0]=0x7ffbfeff, sa_flags=0x10000004
SIGBUS: [libjvm.so+0x9548f0], sa_mask[0]=0x7ffbfeff, sa_flags=0x10000004
SIGFPE: [libjvm.so+0x7cb0b0], sa_mask[0]=0x7ffbfeff, sa_flags=0x10000004
SIGPIPE: [libjvm.so+0x7cb0b0], sa_mask[0]=0x7ffbfeff, sa_flags=0x10000004
SIGXFSZ: [libjvm.so+0x7cb0b0], sa_mask[0]=0x7ffbfeff, sa_flags=0x10000004
SIGILL: [libjvm.so+0x7cb0b0], sa_mask[0]=0x7ffbfeff, sa_flags=0x10000004
SIGUSR1: SIG_DFL, sa_mask[0]=0x00000000, sa_flags=0x00000000
SIGUSR2: [libjvm.so+0x7caf50], sa_mask[0]=0x00000004, sa_flags=0x10000004
SIGHUP: [libjvm.so+0x7cb130], sa_mask[0]=0x7ffbfeff, sa_flags=0x10000004
SIGINT: [libjvm.so+0x7cb130], sa_mask[0]=0x7ffbfeff, sa_flags=0x10000004
SIGTERM: [libjvm.so+0x7cb130], sa_mask[0]=0x7ffbfeff, sa_flags=0x10000004
SIGQUIT: [libjvm.so+0x7cb130], sa_mask[0]=0x7ffbfeff, sa_flags=0x10000004
SIGTRAP: SIG_DFL, sa_mask[0]=0x00000000, sa_flags=0x00000000


---------------  S Y S T E M  ---------------

OS:Ubuntu 14.04 (trusty)
uname:Linux 3.19.0-58-generic #64~14.04.1-Ubuntu SMP Fri Mar 18 19:05:43 UTC 2016 x86_64
libc:glibc 2.19 NPTL 2.19 
rlimit: STACK 8192k, CORE 0k, NPROC 31399, NOFILE 4096, AS infinity
load average:0.55 0.74 0.61

/proc/meminfo:
MemTotal:        8059604 kB
MemFree:         5437080 kB
MemAvailable:    6195784 kB
Buffers:           95276 kB
Cached:          1172476 kB
SwapCached:            0 kB
Active:          1569440 kB
Inactive:         847168 kB
Active(anon):    1151340 kB
Inactive(anon):   368520 kB
Active(file):     418100 kB
Inactive(file):   478648 kB
Unevictable:         936 kB
Mlocked:             936 kB
SwapTotal:       3000316 kB
SwapFree:        3000316 kB
Dirty:               232 kB
Writeback:             0 kB
AnonPages:       1151964 kB
Mapped:           450504 kB
Shmem:            370956 kB
Slab:              95248 kB
SReclaimable:      61780 kB
SUnreclaim:        33468 kB
KernelStack:        9264 kB
PageTables:        41184 kB
NFS_Unstable:          0 kB
Bounce:                0 kB
WritebackTmp:          0 kB
CommitLimit:     7030116 kB
Committed_AS:    6022216 kB
VmallocTotal:   34359738367 kB
VmallocUsed:      377784 kB
VmallocChunk:   34359319832 kB
HardwareCorrupted:     0 kB
AnonHugePages:    432128 kB
CmaTotal:              0 kB
CmaFree:               0 kB
HugePages_Total:       0
HugePages_Free:        0
HugePages_Rsvd:        0
HugePages_Surp:        0
Hugepagesize:       2048 kB
DirectMap4k:      163988 kB
DirectMap2M:     8108032 kB


CPU:total 2 (2 cores per cpu, 1 threads per core) family 6 model 58 stepping 9, cmov, cx8, fxsr, mmx, sse, sse2, sse3, ssse3, sse4.1, sse4.2, popcnt, erms, tsc, tscinvbit, tscinv

/proc/cpuinfo:
processor	: 0
vendor_id	: GenuineIntel
cpu family	: 6
model		: 58
model name	: Intel(R) Celeron(R) CPU 1007U @ 1.50GHz
stepping	: 9
microcode	: 0x15
cpu MHz		: 1500.000
cache size	: 2048 KB
physical id	: 0
siblings	: 2
core id		: 0
cpu cores	: 2
apicid		: 0
initial apicid	: 0
fpu		: yes
fpu_exception	: yes
cpuid level	: 13
wp		: yes
flags		: fpu vme de pse tsc msr pae mce cx8 apic sep mtrr pge mca cmov pat pse36 clflush dts acpi mmx fxsr sse sse2 ss ht tm pbe syscall nx rdtscp lm constant_tsc arch_perfmon pebs bts rep_good nopl xtopology nonstop_tsc aperfmperf eagerfpu pni pclmulqdq dtes64 monitor ds_cpl vmx est tm2 ssse3 cx16 xtpr pdcm pcid sse4_1 sse4_2 x2apic popcnt tsc_deadline_timer xsave lahf_lm arat epb pln pts dtherm tpr_shadow vnmi flexpriority ept vpid fsgsbase smep erms xsaveopt
bugs		:
bogomips	: 2993.28
clflush size	: 64
cache_alignment	: 64
address sizes	: 36 bits physical, 48 bits virtual
power management:

processor	: 1
vendor_id	: GenuineIntel
cpu family	: 6
model		: 58
model name	: Intel(R) Celeron(R) CPU 1007U @ 1.50GHz
stepping	: 9
microcode	: 0x15
cpu MHz		: 1500.000
cache size	: 2048 KB
physical id	: 0
siblings	: 2
core id		: 1
cpu cores	: 2
apicid		: 2
initial apicid	: 2
fpu		: yes
fpu_exception	: yes
cpuid level	: 13
wp		: yes
flags		: fpu vme de pse tsc msr pae mce cx8 apic sep mtrr pge mca cmov pat pse36 clflush dts acpi mmx fxsr sse sse2 ss ht tm pbe syscall nx rdtscp lm constant_tsc arch_perfmon pebs bts rep_good nopl xtopology nonstop_tsc aperfmperf eagerfpu pni pclmulqdq dtes64 monitor ds_cpl vmx est tm2 ssse3 cx16 xtpr pdcm pcid sse4_1 sse4_2 x2apic popcnt tsc_deadline_timer xsave lahf_lm arat epb pln pts dtherm tpr_shadow vnmi flexpriority ept vpid fsgsbase smep erms xsaveopt
bugs		:
bogomips	: 2993.28
clflush size	: 64
cache_alignment	: 64
address sizes	: 36 bits physical, 48 bits virtual
power management:



Memory: 4k page, physical 8059604k(5437080k free), swap 3000316k(3000316k free)

vm_info: OpenJDK 64-Bit Server VM (24.95-b01) for linux-amd64 JRE (1.7.0_95-b00), built on Mar 24 2016 06:13:32 by "buildd" with gcc 4.8.2

time: Tue Apr 26 18:00:43 2016
elapsed time: 0 seconds

